0 info it worked if it ends with ok
1 verbose cli [ 'C:\\Program Files\\nodejs\\node.exe',
1 verbose cli   'C:\\Users\\Ted\\AppData\\Roaming\\npm\\node_modules\\npm\\bin\\npm-cli.js',
1 verbose cli   'run',
1 verbose cli   'test' ]
2 info using npm@3.6.0
3 info using node@v4.2.6
4 verbose run-script [ 'pretest', 'test', 'posttest' ]
5 info lifecycle Pioneers@1.0.0~pretest: Pioneers@1.0.0
6 silly lifecycle Pioneers@1.0.0~pretest: no script for pretest, continuing
7 info lifecycle Pioneers@1.0.0~test: Pioneers@1.0.0
8 verbose lifecycle Pioneers@1.0.0~test: unsafe-perm in lifecycle true
9 verbose lifecycle Pioneers@1.0.0~test: PATH: C:\Users\Ted\AppData\Roaming\npm\node_modules\npm\bin\node-gyp-bin;C:\Users\Ted\Google Drive\NYU\csci3033_004\Pioneers\node_modules\.bin;C:\cygwin64\usr\local\bin;C:\cygwin64\bin;C:\Program Files\Common Files\Microsoft Shared\Windows Live;C:\Program Files (x86)\Common Files\Microsoft Shared\Windows Live;C:\Program Files (x86)\NVIDIA Corporation\PhysX\Common;C:\Windows\system32;C:\Windows;C:\Windows\System32\Wbem;C:\Windows\System32\WindowsPowerShell\v1.0;C:\Program Files (x86)\MiKTeX 2.9\miktex\bin;C:\Program Files (x86)\Windows Live\Shared;C:\Users\Ted\Desktop\sml\bin;C:\Program Files\nodejs;C:\Users\Ted\AppData\Roaming\npm;C:\cygwin64\lib\lapack;C:\Program Files\Java\jdk1.7.0_79\bin\
10 verbose lifecycle Pioneers@1.0.0~test: CWD: C:\Users\Ted\Google Drive\NYU\csci3033_004\Pioneers
11 silly lifecycle Pioneers@1.0.0~test: Args: [ '/d /s /c', 'node --harmony ./node_modules/.bin/grunt karma' ]
12 silly lifecycle Pioneers@1.0.0~test: Returned: code: 1  signal: null
13 info lifecycle Pioneers@1.0.0~test: Failed to exec test script
14 verbose stack Error: Pioneers@1.0.0 test: `node --harmony ./node_modules/.bin/grunt karma`
14 verbose stack Exit status 1
14 verbose stack     at EventEmitter.<anonymous> (C:\Users\Ted\AppData\Roaming\npm\node_modules\npm\lib\utils\lifecycle.js:232:16)
14 verbose stack     at emitTwo (events.js:87:13)
14 verbose stack     at EventEmitter.emit (events.js:172:7)
14 verbose stack     at ChildProcess.<anonymous> (C:\Users\Ted\AppData\Roaming\npm\node_modules\npm\lib\utils\spawn.js:24:14)
14 verbose stack     at emitTwo (events.js:87:13)
14 verbose stack     at ChildProcess.emit (events.js:172:7)
14 verbose stack     at maybeClose (internal/child_process.js:821:16)
14 verbose stack     at Process.ChildProcess._handle.onexit (internal/child_process.js:211:5)
15 verbose pkgid Pioneers@1.0.0
16 verbose cwd C:\Users\Ted\Google Drive\NYU\csci3033_004\Pioneers
17 error Windows_NT 6.1.7601
18 error argv "C:\\Program Files\\nodejs\\node.exe" "C:\\Users\\Ted\\AppData\\Roaming\\npm\\node_modules\\npm\\bin\\npm-cli.js" "run" "test"
19 error node v4.2.6
20 error npm  v3.6.0
21 error code ELIFECYCLE
22 error Pioneers@1.0.0 test: `node --harmony ./node_modules/.bin/grunt karma`
22 error Exit status 1
23 error Failed at the Pioneers@1.0.0 test script 'node --harmony ./node_modules/.bin/grunt karma'.
23 error Make sure you have the latest version of node.js and npm installed.
23 error If you do, this is most likely a problem with the Pioneers package,
23 error not with npm itself.
23 error Tell the author that this fails on your system:
23 error     node --harmony ./node_modules/.bin/grunt karma
23 error You can get information on how to open an issue for this project with:
23 error     npm bugs Pioneers
23 error Or if that isn't available, you can get their info via:
23 error     npm owner ls Pioneers
23 error There is likely additional logging output above.
24 verbose exit [ 1, true ]
